Removed Pin From Net: NetName=GND Pin=C13-1
Removed Pin From Net: NetName=GND Pin=J5-41
Removed Pin From Net: NetName=GND Pin=J5-42
Removed Pin From Net: NetName=GND Pin=J6-7
Removed Pin From Net: NetName=GND Pin=J6-8
Removed Pin From Net: NetName=GND Pin=J7-5
Removed Pin From Net: NetName=GND Pin=J7-6
Removed Pin From Net: NetName=GND Pin=R16-2
Removed Pin From Net: NetName=LED+ Pin=R25-2
Removed Pin From Net: NetName=GND Pin=R26-1
Removed Pin From Net: NetName=GND Pin=U4-42
Removed Pin From Net: NetName=GND Pin=U4-43
Removed Member From Class: ClassName=LCD_RGB Member=C13
Removed Member From Class: ClassName=LCD_RGB Member=R16
Removed Member From Class: ClassName=LCD_RGB Member=R25
Removed Member From Class: ClassName=LCD_RGB Member=R26
Change Component Comment : Designator=R15 Old Comment=2K2/1% New Comment=1K/1%
Change Component Comment : Designator=R17 Old Comment=2R2/1% New Comment=4R99/1%
Change Component Comment : Designator=R14 Old Comment=47K/1% New Comment=0R/1%
Added Component: Designator=J15(2.54*3)
Added Component: Designator=R27(0402R)
Added Component: Designator=R28(0402R)
Added Component: Designator=R29(0402R)
Added Pin To Net: NetName=TP_RESET' Pin=J10-5
Added Pin To Net: NetName=NetC1_1 Pin=R27-2
Added Pin To Net: NetName=+3.3V Pin=R28-2
Added Pin To Net: NetName=GND Pin=R29-2
Added Pin To Net: NetName=TP_RESET' Pin=U4-19
Added Pin To Net: NetName=LED+ Pin=U5-5
Change Net Name : Old Net Name=NetC1_1 New Net Name=T_VDD
Added Pin To Net: NetName=LCD_DISP Pin=J5-31
Added Pin To Net: NetName=LCD_DISP Pin=J15-2
Added Net: Name=LCD_DISP
Added Pin To Net: NetName=NetJ15_1 Pin=J15-1
Added Pin To Net: NetName=NetJ15_1 Pin=R28-1
Added Net: Name=NetJ15_1
Added Pin To Net: NetName=NetJ15_3 Pin=J15-3
Added Pin To Net: NetName=NetJ15_3 Pin=R29-1
Added Net: Name=NetJ15_3
Added Pin To Net: NetName=NetR14_2 Pin=R14-2
Added Pin To Net: NetName=NetR14_2 Pin=U5-4
Added Net: Name=NetR14_2
Added Member To Class: ClassName=LCD_RGB Member=Component J15 TP
Added Member To Class: ClassName=Sensor Member=Component R27 10K/1%
Added Member To Class: ClassName=LCD_RGB Member=Component R28 10K/1%
Added Member To Class: ClassName=LCD_RGB Member=Component R29 10K/1%
Added Room: Name=LCD_RGB
Added Room: Name=Sensor
